<?xml version="1.0" encoding="UTF-8"?>
<testng-results ignored="0" total="24" passed="23" failed="1" skipped="0">
  <reporter-output>
  </reporter-output>
  <suite started-at="2024-11-14T09:04:41Z" name="Suite" finished-at="2024-11-14T09:05:14Z" duration-ms="33294">
    <groups>
    </groups>
    <test started-at="2024-11-14T09:04:41Z" name="Test1" finished-at="2024-11-14T09:04:52Z" duration-ms="10525">
      <class name="Tests.HomePage_Test">
        <test-method is-config="true" signature="baseSetUp()[pri:0, instance:Tests.HomePage_Test@5db250b4]" started-at="2024-11-14T09:04:41Z" name="baseSetUp" finished-at="2024-11-14T09:04:51Z" duration-ms="10133" status="PASS">
          <reporter-output>
          </reporter-output>
        </test-method> <!-- baseSetUp -->
        <test-method signature="verifyTitle()[pri:0, instance:Tests.HomePage_Test@5db250b4]" started-at="2024-11-14T09:04:51Z" name="verifyTitle" finished-at="2024-11-14T09:04:51Z" duration-ms="96" status="PASS">
          <reporter-output>
          </reporter-output>
        </test-method> <!-- verifyTitle -->
        <test-method is-config="true" signature="baseTearDown()[pri:0, instance:Tests.HomePage_Test@5db250b4]" started-at="2024-11-14T09:04:51Z" name="baseTearDown" finished-at="2024-11-14T09:04:52Z" duration-ms="268" status="PASS">
          <reporter-output>
          </reporter-output>
        </test-method> <!-- baseTearDown -->
      </class> <!-- Tests.HomePage_Test -->
    </test> <!-- Test1 -->
    <test started-at="2024-11-14T09:04:41Z" name="Test2" finished-at="2024-11-14T09:05:00Z" duration-ms="19010">
      <class name="Tests.WebForm_Test">
        <test-method is-config="true" signature="baseSetUp()[pri:0, instance:Tests.WebForm_Test@769e7ee8]" started-at="2024-11-14T09:04:41Z" name="baseSetUp" finished-at="2024-11-14T09:04:52Z" duration-ms="10379" status="PASS">
          <reporter-output>
          </reporter-output>
        </test-method> <!-- baseSetUp -->
        <test-method signature="verifyTitle()[pri:1, instance:Tests.WebForm_Test@769e7ee8]" started-at="2024-11-14T09:04:52Z" name="verifyTitle" finished-at="2024-11-14T09:04:52Z" duration-ms="415" status="PASS">
          <reporter-output>
          </reporter-output>
        </test-method> <!-- verifyTitle -->
        <test-method signature="verifyFirstName(java.lang.String)[pri:2, instance:Tests.WebForm_Test@769e7ee8]" started-at="2024-11-14T09:04:52Z" name="verifyFirstName" data-provider="dataprovider1" finished-at="2024-11-14T09:04:52Z" duration-ms="381" status="PASS">
          <params>
            <param index="0">
              <value>
                <![CDATA[Bhushan]]>
              </value>
            </param>
          </params>
          <reporter-output>
          </reporter-output>
        </test-method> <!-- verifyFirstName -->
        <test-method signature="verifyFirstName(java.lang.String)[pri:2, instance:Tests.WebForm_Test@769e7ee8]" started-at="2024-11-14T09:04:52Z" name="verifyFirstName" data-provider="dataprovider1" finished-at="2024-11-14T09:04:53Z" duration-ms="459" status="PASS">
          <params>
            <param index="0">
              <value>
                <![CDATA[Karan]]>
              </value>
            </param>
          </params>
          <reporter-output>
          </reporter-output>
        </test-method> <!-- verifyFirstName -->
        <test-method signature="verifyFirstName(java.lang.String)[pri:2, instance:Tests.WebForm_Test@769e7ee8]" started-at="2024-11-14T09:04:53Z" name="verifyFirstName" data-provider="dataprovider1" finished-at="2024-11-14T09:04:53Z" duration-ms="302" status="PASS">
          <params>
            <param index="0">
              <value>
                <![CDATA[Ram]]>
              </value>
            </param>
          </params>
          <reporter-output>
          </reporter-output>
        </test-method> <!-- verifyFirstName -->
        <test-method signature="verifyLastName()[pri:3, instance:Tests.WebForm_Test@769e7ee8]" started-at="2024-11-14T09:04:53Z" name="verifyLastName" finished-at="2024-11-14T09:04:53Z" duration-ms="239" status="PASS">
          <reporter-output>
          </reporter-output>
        </test-method> <!-- verifyLastName -->
        <test-method signature="verifyJobTitle()[pri:4, instance:Tests.WebForm_Test@769e7ee8]" started-at="2024-11-14T09:04:53Z" name="verifyJobTitle" finished-at="2024-11-14T09:04:54Z" duration-ms="210" status="PASS">
          <reporter-output>
          </reporter-output>
        </test-method> <!-- verifyJobTitle -->
        <test-method signature="verifySelectHighLevelEducation()[pri:5, instance:Tests.WebForm_Test@769e7ee8]" started-at="2024-11-14T09:04:54Z" name="verifySelectHighLevelEducation" finished-at="2024-11-14T09:04:54Z" duration-ms="167" status="PASS">
          <reporter-output>
          </reporter-output>
        </test-method> <!-- verifySelectHighLevelEducation -->
        <test-method signature="verifysSelectingGender()[pri:6, instance:Tests.WebForm_Test@769e7ee8]" started-at="2024-11-14T09:04:54Z" name="verifysSelectingGender" finished-at="2024-11-14T09:04:54Z" duration-ms="160" status="PASS">
          <reporter-output>
          </reporter-output>
        </test-method> <!-- verifysSelectingGender -->
        <test-method signature="verifySelectYearsOfExperience()[pri:7, instance:Tests.WebForm_Test@769e7ee8]" started-at="2024-11-14T09:04:54Z" name="verifySelectYearsOfExperience" finished-at="2024-11-14T09:04:54Z" duration-ms="326" status="PASS">
          <reporter-output>
          </reporter-output>
        </test-method> <!-- verifySelectYearsOfExperience -->
        <test-method signature="verifySelectingDate()[pri:8, instance:Tests.WebForm_Test@769e7ee8]" started-at="2024-11-14T09:04:54Z" name="verifySelectingDate" finished-at="2024-11-14T09:04:57Z" duration-ms="3110" status="PASS">
          <reporter-output>
          </reporter-output>
        </test-method> <!-- verifySelectingDate -->
        <test-method signature="verifySubmission()[pri:9, instance:Tests.WebForm_Test@769e7ee8]" started-at="2024-11-14T09:04:57Z" name="verifySubmission" finished-at="2024-11-14T09:05:00Z" duration-ms="2503" status="PASS">
          <reporter-output>
          </reporter-output>
        </test-method> <!-- verifySubmission -->
        <test-method is-config="true" signature="baseTearDown()[pri:0, instance:Tests.WebForm_Test@769e7ee8]" started-at="2024-11-14T09:05:00Z" name="baseTearDown" finished-at="2024-11-14T09:05:00Z" duration-ms="320" status="PASS">
          <reporter-output>
          </reporter-output>
        </test-method> <!-- baseTearDown -->
      </class> <!-- Tests.WebForm_Test -->
    </test> <!-- Test2 -->
    <test started-at="2024-11-14T09:04:52Z" name="Test3" finished-at="2024-11-14T09:05:00Z" duration-ms="8353">
      <class name="Tests.Checkbox_Test">
        <test-method is-config="true" signature="baseSetUp()[pri:0, instance:Tests.Checkbox_Test@7c469c48]" started-at="2024-11-14T09:04:52Z" name="baseSetUp" finished-at="2024-11-14T09:04:58Z" duration-ms="6287" status="PASS">
          <reporter-output>
          </reporter-output>
        </test-method> <!-- baseSetUp -->
        <test-method signature="verifyTitle()[pri:1, instance:Tests.Checkbox_Test@7c469c48]" started-at="2024-11-14T09:04:58Z" name="verifyTitle" finished-at="2024-11-14T09:04:59Z" duration-ms="1262" status="PASS">
          <reporter-output>
          </reporter-output>
        </test-method> <!-- verifyTitle -->
        <test-method signature="verifySelectionOfAllCheckboxes()[pri:2, instance:Tests.Checkbox_Test@7c469c48]" started-at="2024-11-14T09:04:59Z" name="verifySelectionOfAllCheckboxes" finished-at="2024-11-14T09:05:00Z" duration-ms="370" status="PASS">
          <reporter-output>
          </reporter-output>
        </test-method> <!-- verifySelectionOfAllCheckboxes -->
        <test-method signature="verifySelectionOfAlternateCheckboxes()[pri:3, instance:Tests.Checkbox_Test@7c469c48]" started-at="2024-11-14T09:05:00Z" name="verifySelectionOfAlternateCheckboxes" finished-at="2024-11-14T09:05:00Z" duration-ms="216" status="FAIL">
          <exception class="java.lang.AssertionError">
            <message>
              <![CDATA[arrays differ firstly at element [0]; expected value is <true> but was <false>. ]]>
            </message>
            <full-stacktrace>
              <![CDATA[java.lang.AssertionError: arrays differ firstly at element [0]; expected value is <true> but was <false>. 
at org.testng.Assert.fail(Assert.java:96)
at org.testng.Assert.assertEquals(Assert.java:284)
at org.testng.Assert.assertEquals(Assert.java:268)
at Tests.Checkbox_Test.verifySelectionOfAlternateCheckboxes(Checkbox_Test.java:37)
at java.base/jdk.internal.reflect.DirectMethodHandleAccessor.invoke(DirectMethodHandleAccessor.java:103)
at java.base/java.lang.reflect.Method.invoke(Method.java:580)
at org.testng.internal.MethodInvocationHelper.invokeMethod(MethodInvocationHelper.java:124)
at org.testng.internal.Invoker.invokeMethod(Invoker.java:583)
at org.testng.internal.Invoker.invokeTestMethod(Invoker.java:719)
at org.testng.internal.Invoker.invokeTestMethods(Invoker.java:989)
at org.testng.internal.TestMethodWorker.invokeTestMethods(TestMethodWorker.java:125)
at org.testng.internal.TestMethodWorker.run(TestMethodWorker.java:109)
at org.testng.TestRunner.privateRun(TestRunner.java:648)
at org.testng.TestRunner.run(TestRunner.java:505)
at org.testng.SuiteRunner.runTest(SuiteRunner.java:455)
at org.testng.SuiteRunner.access$000(SuiteRunner.java:40)
at org.testng.SuiteRunner$SuiteWorker.run(SuiteRunner.java:489)
at org.testng.internal.thread.ThreadUtil$1.call(ThreadUtil.java:52)
at java.base/java.util.concurrent.FutureTask.run(FutureTask.java:317)
at java.base/java.util.concurrent.ThreadPoolExecutor.runWorker(ThreadPoolExecutor.java:1144)
at java.base/java.util.concurrent.ThreadPoolExecutor$Worker.run(ThreadPoolExecutor.java:642)
at java.base/java.lang.Thread.run(Thread.java:1583)
]]>
            </full-stacktrace>
          </exception> <!-- java.lang.AssertionError -->
          <reporter-output>
          </reporter-output>
        </test-method> <!-- verifySelectionOfAlternateCheckboxes -->
        <test-method is-config="true" signature="baseTearDown()[pri:0, instance:Tests.Checkbox_Test@7c469c48]" started-at="2024-11-14T09:05:00Z" name="baseTearDown" finished-at="2024-11-14T09:05:00Z" duration-ms="200" status="PASS">
          <reporter-output>
          </reporter-output>
        </test-method> <!-- baseTearDown -->
      </class> <!-- Tests.Checkbox_Test -->
    </test> <!-- Test3 -->
    <test started-at="2024-11-14T09:05:00Z" name="Test5" finished-at="2024-11-14T09:05:07Z" duration-ms="6438">
      <class name="Tests.FileUpload_Test">
        <test-method is-config="true" signature="baseSetUp()[pri:0, instance:Tests.FileUpload_Test@96def03]" started-at="2024-11-14T09:05:00Z" name="baseSetUp" finished-at="2024-11-14T09:05:05Z" duration-ms="5147" status="PASS">
          <reporter-output>
          </reporter-output>
        </test-method> <!-- baseSetUp -->
        <test-method signature="verifyTitle()[pri:1, instance:Tests.FileUpload_Test@96def03]" started-at="2024-11-14T09:05:05Z" name="verifyTitle" finished-at="2024-11-14T09:05:06Z" duration-ms="455" status="PASS">
          <reporter-output>
          </reporter-output>
        </test-method> <!-- verifyTitle -->
        <test-method signature="verifyFileUpload()[pri:2, instance:Tests.FileUpload_Test@96def03]" started-at="2024-11-14T09:05:06Z" name="verifyFileUpload" finished-at="2024-11-14T09:05:06Z" duration-ms="528" status="PASS">
          <reporter-output>
          </reporter-output>
        </test-method> <!-- verifyFileUpload -->
        <test-method signature="verifyResetBtn()[pri:3, instance:Tests.FileUpload_Test@96def03]" started-at="2024-11-14T09:05:06Z" name="verifyResetBtn" finished-at="2024-11-14T09:05:07Z" duration-ms="113" status="PASS">
          <reporter-output>
          </reporter-output>
        </test-method> <!-- verifyResetBtn -->
        <test-method is-config="true" signature="baseTearDown()[pri:0, instance:Tests.FileUpload_Test@96def03]" started-at="2024-11-14T09:05:07Z" name="baseTearDown" finished-at="2024-11-14T09:05:07Z" duration-ms="179" status="PASS">
          <reporter-output>
          </reporter-output>
        </test-method> <!-- baseTearDown -->
      </class> <!-- Tests.FileUpload_Test -->
    </test> <!-- Test5 -->
    <test started-at="2024-11-14T09:05:00Z" name="Test4" finished-at="2024-11-14T09:05:08Z" duration-ms="8017">
      <class name="Tests.Dropdown_Test">
        <test-method is-config="true" signature="baseSetUp()[pri:0, instance:Tests.Dropdown_Test@4313f5bc]" started-at="2024-11-14T09:05:00Z" name="baseSetUp" finished-at="2024-11-14T09:05:06Z" duration-ms="6266" status="PASS">
          <reporter-output>
          </reporter-output>
        </test-method> <!-- baseSetUp -->
        <test-method signature="verifyTitle()[pri:1, instance:Tests.Dropdown_Test@4313f5bc]" started-at="2024-11-14T09:05:06Z" name="verifyTitle" finished-at="2024-11-14T09:05:07Z" duration-ms="950" status="PASS">
          <reporter-output>
          </reporter-output>
        </test-method> <!-- verifyTitle -->
        <test-method signature="verifyDropdownOptionsSize()[pri:2, instance:Tests.Dropdown_Test@4313f5bc]" started-at="2024-11-14T09:05:07Z" name="verifyDropdownOptionsSize" finished-at="2024-11-14T09:05:08Z" duration-ms="116" status="PASS">
          <reporter-output>
          </reporter-output>
        </test-method> <!-- verifyDropdownOptionsSize -->
        <test-method signature="verifyOptionIsSelected()[pri:3, instance:Tests.Dropdown_Test@4313f5bc]" started-at="2024-11-14T09:05:08Z" name="verifyOptionIsSelected" finished-at="2024-11-14T09:05:08Z" duration-ms="500" status="PASS">
          <reporter-output>
          </reporter-output>
        </test-method> <!-- verifyOptionIsSelected -->
        <test-method is-config="true" signature="baseTearDown()[pri:0, instance:Tests.Dropdown_Test@4313f5bc]" started-at="2024-11-14T09:05:08Z" name="baseTearDown" finished-at="2024-11-14T09:05:08Z" duration-ms="183" status="PASS">
          <reporter-output>
          </reporter-output>
        </test-method> <!-- baseTearDown -->
      </class> <!-- Tests.Dropdown_Test -->
    </test> <!-- Test4 -->
    <test started-at="2024-11-14T09:05:07Z" name="Test6" finished-at="2024-11-14T09:05:14Z" duration-ms="7682">
      <class name="Tests.SwitchWindow_Test">
        <test-method is-config="true" signature="baseSetUp()[pri:0, instance:Tests.SwitchWindow_Test@60d8c9b7]" started-at="2024-11-14T09:05:07Z" name="baseSetUp" finished-at="2024-11-14T09:05:13Z" duration-ms="5777" status="PASS">
          <reporter-output>
          </reporter-output>
        </test-method> <!-- baseSetUp -->
        <test-method signature="verifyTitle()[pri:1, instance:Tests.SwitchWindow_Test@60d8c9b7]" started-at="2024-11-14T09:05:13Z" name="verifyTitle" finished-at="2024-11-14T09:05:14Z" duration-ms="1021" status="PASS">
          <reporter-output>
          </reporter-output>
        </test-method> <!-- verifyTitle -->
        <test-method signature="verifyWindowHandling()[pri:2, instance:Tests.SwitchWindow_Test@60d8c9b7]" started-at="2024-11-14T09:05:14Z" name="verifyWindowHandling" finished-at="2024-11-14T09:05:14Z" duration-ms="567" status="PASS">
          <reporter-output>
          </reporter-output>
        </test-method> <!-- verifyWindowHandling -->
        <test-method signature="verifyAlertText()[pri:3, instance:Tests.SwitchWindow_Test@60d8c9b7]" started-at="2024-11-14T09:05:14Z" name="verifyAlertText" finished-at="2024-11-14T09:05:14Z" duration-ms="135" status="PASS">
          <reporter-output>
          </reporter-output>
        </test-method> <!-- verifyAlertText -->
        <test-method is-config="true" signature="baseTearDown()[pri:0, instance:Tests.SwitchWindow_Test@60d8c9b7]" started-at="2024-11-14T09:05:14Z" name="baseTearDown" finished-at="2024-11-14T09:05:14Z" duration-ms="182" status="PASS">
          <reporter-output>
          </reporter-output>
        </test-method> <!-- baseTearDown -->
      </class> <!-- Tests.SwitchWindow_Test -->
    </test> <!-- Test6 -->
  </suite> <!-- Suite -->
</testng-results>
