<?xml version="1.0" encoding="UTF-8"?>
<!-- Generated by org.testng.reporters.JUnitReportReporter -->
<testsuite hostname="DESKTOP-9MOD7AR" failures="1" tests="3" name="Tests.Checkbox_Test" time="1.848" errors="0" timestamp="14 Nov 2024 09:05:15 GMT" skipped="0">
  <testcase classname="Tests.Checkbox_Test" name="verifyTitle" time="1.262"/>
  <testcase classname="Tests.Checkbox_Test" name="verifySelectionOfAllCheckboxes" time="0.370"/>
  <testcase classname="Tests.Checkbox_Test" name="verifySelectionOfAlternateCheckboxes" time="0.216">
    <failure message="arrays differ firstly at element [0]; expected value is &lt;true&gt; but was &lt;false&gt;. " type="java.lang.AssertionError">
      <![CDATA[java.lang.AssertionError: arrays differ firstly at element [0]; expected value is <true> but was <false>. 
at org.testng.Assert.fail(Assert.java:96)
at org.testng.Assert.assertEquals(Assert.java:284)
at org.testng.Assert.assertEquals(Assert.java:268)
at Tests.Checkbox_Test.verifySelectionOfAlternateCheckboxes(Checkbox_Test.java:37)
at java.base/jdk.internal.reflect.DirectMethodHandleAccessor.invoke(DirectMethodHandleAccessor.java:103)
at java.base/java.lang.reflect.Method.invoke(Method.java:580)
at org.testng.internal.MethodInvocationHelper.invokeMethod(MethodInvocationHelper.java:124)
at org.testng.internal.Invoker.invokeMethod(Invoker.java:583)
at org.testng.internal.Invoker.invokeTestMethod(Invoker.java:719)
at org.testng.internal.Invoker.invokeTestMethods(Invoker.java:989)
at org.testng.internal.TestMethodWorker.invokeTestMethods(TestMethodWorker.java:125)
at org.testng.internal.TestMethodWorker.run(TestMethodWorker.java:109)
at org.testng.TestRunner.privateRun(TestRunner.java:648)
at org.testng.TestRunner.run(TestRunner.java:505)
at org.testng.SuiteRunner.runTest(SuiteRunner.java:455)
at org.testng.SuiteRunner.access$000(SuiteRunner.java:40)
at org.testng.SuiteRunner$SuiteWorker.run(SuiteRunner.java:489)
at org.testng.internal.thread.ThreadUtil$1.call(ThreadUtil.java:52)
at java.base/java.util.concurrent.FutureTask.run(FutureTask.java:317)
at java.base/java.util.concurrent.ThreadPoolExecutor.runWorker(ThreadPoolExecutor.java:1144)
at java.base/java.util.concurrent.ThreadPoolExecutor$Worker.run(ThreadPoolExecutor.java:642)
at java.base/java.lang.Thread.run(Thread.java:1583)
]]>
    </failure>
  </testcase> <!-- verifySelectionOfAlternateCheckboxes -->
</testsuite> <!-- Tests.Checkbox_Test -->
